[2026-03-19T06:56:49.085699] NON-CANON: 'Help Center' | source: unknown
[2026-03-19T06:56:49.086114] NON-CANON: 'Help Center Terms' | source: unknown
[2026-03-19T06:56:49.086237] NON-CANON: 'JavaScript' | source: unknown
[2026-03-19T06:56:49.086330] NON-CANON: 'Please' | source: unknown
[2026-03-19T06:56:49.086423] NON-CANON: 'Policy Imprint' | source: unknown
[2026-03-19T06:56:49.086510] NON-CANON: 'Service Privacy Policy Cookie' | source: unknown
[2026-03-19T06:56:49.086600] NON-CANON: 'Charlie' | source: unknown
[2026-03-19T06:56:49.086740] NON-CANON: 'Charlie Buster' | source: unknown
[2026-03-19T06:56:49.086826] NON-CANON: 'Crystal Palace' | source: unknown
[2026-03-19T06:56:49.086903] NON-CANON: 'Drops Fresh' | source: unknown
[2026-03-19T06:56:49.086980] NON-CANON: 'Earn NFT Marketplace' | source: unknown
[2026-03-19T06:56:49.087055] NON-CANON: 'England' | source: unknown
[2026-03-19T06:56:49.087153] NON-CANON: 'Kent' | source: unknown
[2026-03-19T06:56:49.087250] NON-CANON: 'NO BALL GAMES' | source: unknown
[2026-03-19T06:56:49.087345] NON-CANON: 'NeftyBlocks' | source: unknown
[2026-03-19T06:56:49.087442] NON-CANON: 'Street Artist' | source: unknown
[2026-03-19T06:56:49.087531] NON-CANON: 'Trade' | source: unknown
[2026-03-19T06:56:49.087616] NON-CANON: 'Blocks' | source: unknown
[2026-03-19T06:56:49.087748] NON-CANON: 'Collections Market PFPs Crafting' | source: unknown
[2026-03-19T06:56:49.087856] NON-CANON: 'Creator Bulk Tools More' | source: unknown
[2026-03-19T06:56:49.087966] NON-CANON: 'Home Market Search Login' | source: unknown
[2026-03-19T06:56:49.088073] NON-CANON: 'LOGIN Market' | source: unknown
[2026-03-19T06:56:49.088206] NON-CANON: 'NFTHive' | source: unknown
[2026-03-19T06:56:49.088307] NON-CANON: 'Sync' | source: unknown
[2026-03-19T06:56:49.088404] NON-CANON: 'WAX Marketplace' | source: unknown
[2026-03-19T06:56:49.088499] NON-CANON: 'AtomicHub You' | source: unknown
[2026-03-19T06:56:49.088594] NON-CANON: 'Instagram' | source: unknown
[2026-03-19T06:56:49.088690] NON-CANON: 'Add' | source: unknown
[2026-03-19T06:56:49.088784] NON-CANON: 'CRAFTED COLLECTION Shop' | source: unknown
[2026-03-19T06:56:49.088878] NON-CANON: 'DELICIOUS AGAIN PETER HAND' | source: unknown
[2026-03-19T06:56:49.088971] NON-CANON: 'DELICIOUS AGAIN PETER Skip' | source: unknown
[2026-03-19T06:56:49.089066] NON-CANON: 'Everlast- House' | source: unknown
[2026-03-19T06:56:49.089190] NON-CANON: 'GBP Regular' | source: unknown
[2026-03-19T06:56:49.089289] NON-CANON: 'GBP Unit' | source: unknown
[2026-03-19T06:56:49.089385] NON-CANON: 'Regular' | source: unknown
[2026-03-19T06:56:49.089510] NON-CANON: 'Sale' | source: unknown
[2026-03-19T06:56:49.089593] NON-CANON: 'Sold' | source: unknown
[2026-03-19T06:56:49.089667] NON-CANON: 'TOYS Everlast- House' | source: unknown
[2026-03-19T06:56:49.089740] NON-CANON: 'Bone Idol Ink' | source: unknown
[2026-03-19T06:56:49.089812] NON-CANON: 'AM Positive BTC' | source: unknown
[2026-03-19T06:56:49.089884] NON-CANON: 'CoinDesk' | source: unknown
[2026-03-19T06:56:49.089957] NON-CANON: 'Crypto News' | source: unknown
[2026-03-19T06:56:49.090029] NON-CANON: 'ETP' | source: unknown
[2026-03-19T06:56:49.090101] NON-CANON: 'Ethereum' | source: unknown
[2026-03-19T06:56:49.090239] NON-CANON: 'Flow Traders' | source: unknown
[2026-03-19T06:56:49.090335] NON-CANON: 'Forget' | source: unknown
[2026-03-19T06:56:49.090428] NON-CANON: 'Latest Videos Latest Crypto' | source: unknown
[2026-03-19T06:56:49.090519] NON-CANON: 'Leading ETP' | source: unknown
[2026-03-19T06:56:49.090610] NON-CANON: 'News Today' | source: unknown
[2026-03-19T06:56:49.090703] NON-CANON: 'Price Data Latest Videos' | source: unknown
[2026-03-19T06:56:49.090816] NON-CANON: 'Bitcoin News Editor' | source: unknown
[2026-03-19T06:56:49.090936] NON-CANON: 'Cointelegraph' | source: unknown
[2026-03-19T06:56:49.091035] NON-CANON: 'Hot' | source: unknown
[2026-03-19T06:56:49.091151] NON-CANON: 'Illinois' | source: unknown
[2026-03-19T06:56:49.091252] NON-CANON: 'Nasdaq' | source: unknown
[2026-03-19T06:56:49.091346] NON-CANON: 'Price Indexes Latest Crypto' | source: unknown
[2026-03-19T06:56:49.091448] NON-CANON: 'SEC' | source: unknown
[2026-03-19T06:56:49.091543] NON-CANON: 'BNB' | source: unknown
[2026-03-19T06:56:49.091637] NON-CANON: 'DOGE' | source: unknown
[2026-03-19T06:56:49.091729] NON-CANON: 'Decrypt' | source: unknown
[2026-03-19T06:56:49.091822] NON-CANON: 'Decrypt Coin Prices BTC' | source: unknown
[2026-03-19T06:56:49.091914] NON-CANON: 'ETH' | source: unknown
[2026-03-19T06:56:49.092007] NON-CANON: 'FIGR_HELOC' | source: unknown
[2026-03-19T06:56:49.092100] NON-CANON: 'TRX' | source: unknown
[2026-03-19T06:56:49.092216] NON-CANON: 'USDC' | source: unknown
[2026-03-19T06:56:49.092311] NON-CANON: 'USDS' | source: unknown
[2026-03-19T06:56:49.092405] NON-CANON: 'WBT' | source: unknown
[2026-03-19T06:56:49.092512] NON-CANON: 'Analysis' | source: unknown
[2026-03-19T06:56:49.092607] NON-CANON: 'BITCOIN PRICE STORE TOOLS' | source: unknown
[2026-03-19T06:56:49.092700] NON-CANON: 'BITCOIN PROFIT CAL' | source: unknown
[2026-03-19T06:56:49.092794] NON-CANON: 'Bitcoin Magazine' | source: unknown
[2026-03-19T06:56:49.092887] NON-CANON: 'Bitcoin Magazine News Bitcoin' | source: unknown
[2026-03-19T06:56:49.092981] NON-CANON: 'Bitcoin News' | source: unknown
[2026-03-19T06:56:49.093072] NON-CANON: 'CULTURE MARKETS POLITICS TAKES' | source: unknown
[2026-03-19T06:56:49.093185] NON-CANON: 'Facebook Instagram Linkedin Rumble' | source: unknown
[2026-03-19T06:56:49.093281] NON-CANON: 'Insights' | source: unknown
[2026-03-19T06:56:49.093374] NON-CANON: 'Magazine Portfolio Tracker' | source: unknown
[2026-03-19T06:56:49.093466] NON-CANON: 'March' | source: unknown
[2026-03-19T06:56:49.093566] NON-CANON: 'Media Get' | source: unknown
[2026-03-19T06:56:49.093660] NON-CANON: 'TECHNICAL GUIDES GLOSSARY CHARTS' | source: unknown
[2026-03-19T06:56:49.093753] NON-CANON: 'Twitter Youtube NEWS BUSINESS' | source: unknown
[2026-03-19T06:56:49.093846] NON-CANON: 'BTC' | source: unknown
[2026-03-19T06:56:49.093938] NON-CANON: 'Banking Mar' | source: unknown
[2026-03-19T06:56:49.094030] NON-CANON: 'Coin Prices' | source: unknown
[2026-03-19T06:56:49.094122] NON-CANON: 'Crypto News Banks' | source: unknown
[2026-03-19T06:56:49.094239] NON-CANON: 'CryptoSlate Top Categories Bitcoin' | source: unknown
[2026-03-19T06:56:49.094334] NON-CANON: 'Ethereum Solana XRP Latest' | source: unknown
[2026-03-19T06:56:49.094428] NON-CANON: 'Hyperliquid' | source: unknown
[2026-03-19T06:56:49.094522] NON-CANON: 'Market Trends' | source: unknown
[2026-03-19T06:56:49.094620] NON-CANON: 'US-Iran' | source: unknown
[2026-03-19T06:56:49.094715] NON-CANON: 'Why' | source: unknown
[2026-03-19T06:56:49.094808] NON-CANON: 'Binance' | source: unknown
[2026-03-19T06:56:49.094900] NON-CANON: 'Binance US' | source: unknown
[2026-03-19T06:56:49.094992] NON-CANON: 'BingX' | source: unknown
[2026-03-19T06:56:49.095084] NON-CANON: 'Bitfinex' | source: unknown
[2026-03-19T06:56:49.095198] NON-CANON: 'Bitget' | source: unknown
[2026-03-19T06:56:49.095292] NON-CANON: 'Bithumb' | source: unknown
[2026-03-19T06:56:49.095384] NON-CANON: 'Bitvavo' | source: unknown
[2026-03-19T06:56:49.095474] NON-CANON: 'Blockworks' | source: unknown
[2026-03-19T06:56:49.095567] NON-CANON: 'ByBit' | source: unknown
[2026-03-19T06:56:49.095659] NON-CANON: 'Coinbase' | source: unknown
[2026-03-19T06:56:49.095751] NON-CANON: 'HTX' | source: unknown
[2026-03-19T06:56:49.095852] NON-CANON: 'Huobi' | source: unknown
[2026-03-19T06:56:49.095947] NON-CANON: 'Kraken' | source: unknown
[2026-03-19T06:56:49.096039] NON-CANON: 'KuCoin' | source: unknown
[2026-03-19T06:56:49.096149] NON-CANON: 'Mexc' | source: unknown
[2026-03-19T06:56:49.096247] NON-CANON: 'OKX' | source: unknown
[2026-03-19T06:56:49.096339] NON-CANON: 'Perps Volume Notional' | source: unknown
[2026-03-19T06:56:49.096430] NON-CANON: 'Pionex' | source: unknown
[2026-03-19T06:56:49.096520] NON-CANON: 'Spot Volume Spot' | source: unknown
[2026-03-19T06:56:49.096611] NON-CANON: 'Upbit' | source: unknown
[2026-03-19T06:56:49.096705] NON-CANON: 'GraffitiStreet Newsletter Want' | source: unknown
[2026-03-19T06:56:49.096807] NON-CANON: 'GraffitiStreetNews' | source: unknown
[2026-03-19T06:56:49.096901] NON-CANON: 'International Women' | source: unknown
[2026-03-19T06:56:49.096993] NON-CANON: 'Join' | source: unknown
[2026-03-19T06:56:49.097085] NON-CANON: 'Make The GraffitiStreet' | source: unknown
[2026-03-19T06:56:49.097199] NON-CANON: 'Shamsia Hassani' | source: unknown
[2026-03-19T06:56:49.097294] NON-CANON: 'Street Art News' | source: unknown
[2026-03-19T06:56:49.097387] NON-CANON: 'Visibility' | source: unknown
[2026-03-19T06:56:49.097479] NON-CANON: 'DEFLAGRATION B-MURALS STREET ART' | source: unknown
[2026-03-19T06:56:49.097572] NON-CANON: 'EN SAVOIR PLUS' | source: unknown
[2026-03-19T06:56:49.097664] NON-CANON: 'Graffiti Art' | source: unknown
[2026-03-19T06:56:49.097758] NON-CANON: 'LE MAUSOLEE GARAGE EPHEMERE' | source: unknown
[2026-03-19T06:56:49.097849] NON-CANON: 'OPTIQUE ONEMIZER KAN DMV' | source: unknown
[2026-03-19T06:56:49.097941] NON-CANON: 'PHOTOGRAPHIE FINDAC MAMBO IOTA' | source: unknown
[2026-03-19T06:56:49.098062] NON-CANON: 'RIOT' | source: unknown
[2026-03-19T06:56:49.098165] NON-CANON: 'SHOK-1 EN SAVOIR PLUS' | source: unknown
[2026-03-19T06:56:49.098262] NON-CANON: 'SIFAT TCHEKO TOMISLAV TOPIC' | source: unknown
[2026-03-19T06:56:49.098356] NON-CANON: 'STREET ART' | source: unknown
[2026-03-19T06:56:49.098436] NON-CANON: 'Arrested Motion Showing' | source: unknown
[2026-03-19T06:56:49.098509] NON-CANON: 'Aryz' | source: unknown
[2026-03-19T06:56:49.098581] NON-CANON: 'Banksy' | source: unknown
[2026-03-19T06:56:49.098652] NON-CANON: 'Ben Brown' | source: unknown
[2026-03-19T06:56:49.098724] NON-CANON: 'Invader' | source: unknown
[2026-03-19T06:56:49.098797] NON-CANON: 'Invader Space Station' | source: unknown
[2026-03-19T06:56:49.098868] NON-CANON: 'Jeff Soto' | source: unknown
[2026-03-19T06:56:49.098939] NON-CANON: 'KP Projects Streets' | source: unknown
[2026-03-19T06:56:49.099011] NON-CANON: 'Lisboa' | source: unknown
[2026-03-19T06:56:49.099083] NON-CANON: 'National Pantheon' | source: unknown
[2026-03-19T06:56:49.099179] NON-CANON: 'North London' | source: unknown
[2026-03-19T06:56:49.099256] NON-CANON: 'Nuart Aberdeen Showing' | source: unknown
[2026-03-19T06:56:49.099328] NON-CANON: 'Opening' | source: unknown
[2026-03-19T06:56:49.099403] NON-CANON: 'Openings' | source: unknown
[2026-03-19T06:56:49.099480] NON-CANON: 'Phosphene' | source: unknown
[2026-03-19T06:56:49.099565] NON-CANON: 'Sadlands' | source: unknown
[2026-03-19T06:56:49.099641] NON-CANON: 'Showing' | source: unknown
[2026-03-19T06:56:49.099714] NON-CANON: 'Sickboy' | source: unknown
[2026-03-19T06:56:49.099789] NON-CANON: 'Swoon' | source: unknown
[2026-03-19T06:56:49.099861] NON-CANON: 'Vanitas' | source: unknown
[2026-03-19T06:56:49.099933] NON-CANON: 'Aug' | source: unknown
[2026-03-19T06:56:49.100025] NON-CANON: 'By CARPology Features' | source: unknown
[2026-03-19T06:56:49.100097] NON-CANON: 'CARPology Features Quote Unquote' | source: unknown
[2026-03-19T06:56:49.100192] NON-CANON: 'CARPology Magazine' | source: unknown
[2026-03-19T06:56:49.100268] NON-CANON: 'Carp Fishing' | source: unknown
[2026-03-19T06:56:49.100338] NON-CANON: 'EcoFlow Delta' | source: unknown
[2026-03-19T06:56:49.100410] NON-CANON: 'Joseph Brazil TA' | source: unknown
[2026-03-19T06:56:49.100483] NON-CANON: 'Ways To Improve Your' | source: unknown
[2026-03-19T06:56:49.100554] NON-CANON: 'Winter Location Skills' | source: unknown
[2026-03-19T06:56:49.100627] NON-CANON: 'Winter To Remember' | source: unknown
[2026-03-19T06:56:49.100702] NON-CANON: 'CarpForum' | source: unknown
[2026-03-19T06:56:49.100775] NON-CANON: 'Click HERE' | source: unknown
[2026-03-19T06:56:49.100848] NON-CANON: 'FAQs Rules' | source: unknown
[2026-03-19T06:56:49.100920] NON-CANON: 'Forum' | source: unknown
[2026-03-19T06:56:49.100993] NON-CANON: 'Gallery Weather Navigation' | source: unknown
[2026-03-19T06:56:49.101065] NON-CANON: 'HOME New Posts' | source: unknown
[2026-03-19T06:56:49.101156] NON-CANON: 'Home Search Help' | source: unknown
[2026-03-19T06:56:49.101243] NON-CANON: 'Information' | source: unknown
[2026-03-19T06:56:49.101316] NON-CANON: 'Log-In' | source: unknown
[2026-03-19T06:56:49.101389] NON-CANON: 'Online Member List Articles' | source: unknown
[2026-03-19T06:56:49.101463] NON-CANON: 'Register' | source: unknown
[2026-03-19T06:56:49.101534] NON-CANON: 'The UK Carp Fishing' | source: unknown
[2026-03-19T06:56:49.101610] NON-CANON: 'Usage Who' | source: unknown
